<?xml version="1.0" encoding="UTF-8"?>
<!-- Generated by org.testng.reporters.JUnitReportReporter -->
<testsuite skipped="0" hostname="TorukMacto" name="Udemy.MavenJava.AppiumTest" tests="2" failures="0" timestamp="2020-09-25T14:24:30 IST" time="0.016" errors="0">
  <testcase name="AndroidApps" time="0.004" classname="Udemy.MavenJava.AppiumTest"/>
  <system-out/>
  <testcase name="iOSApps" time="0.012" classname="Udemy.MavenJava.AppiumTest"/>
  <system-out/>
</testsuite> <!-- Udemy.MavenJava.AppiumTest -->
