<?xml version="1.0" encoding="UTF-8"?>
<!-- Generated by org.testng.reporters.JUnitReportReporter -->
<testsuite skipped="0" hostname="TorukMacto" name="Udemy.MavenJava.RestAPITest" tests="2" failures="0" timestamp="2020-09-25T14:21:20 IST" time="0.015" errors="0">
  <testcase name="PostJIRA" time="0.003" classname="Udemy.MavenJava.RestAPITest"/>
  <system-out/>
  <testcase name="DeleteTwitter" time="0.012" classname="Udemy.MavenJava.RestAPITest"/>
  <system-out/>
</testsuite> <!-- Udemy.MavenJava.RestAPITest -->
