<?xml version="1.0" encoding="UTF-8"?>
<!-- Generated by org.testng.reporters.JUnitReportReporter -->
<testsuite skipped="0" hostname="TorukMacto" name="Udemy.MavenJava.ExtentReportsDemo" tests="1" failures="0" timestamp="2020-09-25T17:34:47 IST" time="9.981" errors="0">
  <testcase name="callBrowser" time="9.981" classname="Udemy.MavenJava.ExtentReportsDemo"/>
  <system-out/>
</testsuite> <!-- Udemy.MavenJava.ExtentReportsDemo -->
