<?xml version="1.0" encoding="UTF-8"?>
<!-- Generated by org.testng.reporters.JUnitReportReporter -->
<testsuite skipped="0" hostname="TorukMacto" name="Udemy.MavenJava.SeleniumTest" tests="2" failures="0" timestamp="2020-09-25T14:24:30 IST" time="0.018" errors="0">
  <testcase name="BrowserAutomation" time="0.016" classname="Udemy.MavenJava.SeleniumTest"/>
  <system-out/>
  <testcase name="BrowserCompatability" time="0.002" classname="Udemy.MavenJava.SeleniumTest"/>
  <system-out/>
</testsuite> <!-- Udemy.MavenJava.SeleniumTest -->
