<?xml version="1.0" encoding="UTF-8"?>
<!-- Generated by org.testng.reporters.JUnitReportReporter -->
<testsuite skipped="0" hostname="TorukMacto" name="Udemy.MavenJava.RestAPITest" tests="2" failures="0" timestamp="2020-10-05T18:28:11 IST" time="0.001" errors="0">
  <testcase name="DeleteTwitter" time="0.000" classname="Udemy.MavenJava.RestAPITest"/>
  <system-out/>
  <testcase name="PostJIRA" time="0.001" classname="Udemy.MavenJava.RestAPITest"/>
  <system-out/>
</testsuite> <!-- Udemy.MavenJava.RestAPITest -->
