<?xml version="1.0" encoding="UTF-8"?>
<!-- Generated by org.testng.reporters.JUnitReportReporter -->
<testsuite skipped="0" hostname="TorukMacto" name="Udemy.MavenJava.SeleniumTest" tests="2" failures="0" timestamp="2020-10-05T18:28:11 IST" time="0.009" errors="0">
  <testcase name="BrowserCompatability" time="0.000" classname="Udemy.MavenJava.SeleniumTest"/>
  <system-out/>
  <testcase name="BrowserAutomation" time="0.009" classname="Udemy.MavenJava.SeleniumTest"/>
  <system-out/>
</testsuite> <!-- Udemy.MavenJava.SeleniumTest -->
